

Version:	3.50
CmdLine:	C:\Users\minec\OneDrive\Misc\Documents\College\Classes\Paradigms\Exe\game.exe --l4j-debug
JNI:		No
WOW64:		Yes
Working dir:	C:\Users\minec\OneDrive\Misc\Documents\College\Classes\Paradigms\Exe\.
Requires JDK:	No
Requires 64-Bit: No
Java min ver:	
Java max ver:	
JRE paths:	C:\Program Files\Java\jdk-21
Check launcher:	C:\Program Files\Java\jdk-21\bin\javaw.exe (OK)
Version string: 1.021.000_002 / 64-Bit (OK)
Launcher:	C:\Program Files\Java\jdk-21\bin\javaw.exe
Launcher args:	-jar "C:\Users\minec\OneDrive\Misc\Documents\College\Classes\Paradigms\Exe\game.exe"
Args length:	84/32768 chars
Exit code:	0


Version:	3.50
CmdLine:	C:\Users\minec\OneDrive\Misc\Documents\College\Classes\Paradigms\Exe\game.exe --l4j-debug
JNI:		No
WOW64:		Yes
Working dir:	C:\Users\minec\OneDrive\Misc\Documents\College\Classes\Paradigms\Exe\.
Requires JDK:	No
Requires 64-Bit: No
Java min ver:	
Java max ver:	
JRE paths:	C:\Program Files\Java\jdk-21
Check launcher:	C:\Program Files\Java\jdk-21\bin\javaw.exe (OK)
Version string: 1.021.000_002 / 64-Bit (OK)
Launcher:	C:\Program Files\Java\jdk-21\bin\javaw.exe
Launcher args:	-jar "C:\Users\minec\OneDrive\Misc\Documents\College\Classes\Paradigms\Exe\game.exe"
Args length:	84/32768 chars
Exit code:	0
